This is pdfTeX, Version 3.14159265-2.6-1.40.16 (TeX Live 2015) (preloaded format=pdflatex 2015.5.24)  5 DEC 2015 14:16
entering extended mode
 restricted \write18 enabled.
 file:line:error style messages enabled.
 %&-line parsing enabled.
**Term_Project.tex
(./Term_Project.tex
LaTeX2e <2015/01/01>
Babel <3.9l> and hyphenation patterns for 79 languages loaded.
(./acmtog.cls
Document Class: acmtog 2012/03/07
(/usr/local/texlive/2015/texmf-dist/tex/latex/base/latexsym.sty
Package: latexsym 1998/08/17 v2.2e Standard LaTeX package (lasy symbols)
\symlasy=\mathgroup4
LaTeX Font Info:    Overwriting symbol font `lasy' in version `bold'
(Font)                  U/lasy/m/n --> U/lasy/b/n on input line 52.
)
(/usr/local/texlive/2015/texmf-dist/tex/latex/url/url.sty
\Urlmuskip=\muskip10
Package: url 2013/09/16  ver 3.4  Verb mode for urls, etc.
)
\trimheight=\dimen102
\trimwidth=\dimen103
\typeheight=\dimen104
\typewidth=\dimen105
\normaltextheight=\dimen106
\blindfoliodrop=\dimen107
\tempbox=\box26
\tempdimen=\dimen108
\normaltextheight=\dimen109
\c@secnumbookdepth=\count79
\c@theorem=\count80
\c@strategy=\count81
\c@property=\count82
\c@proposition=\count83
\c@exam=\count84
\c@part=\count85
\c@section=\count86
\c@subsection=\count87
\c@subsubsection=\count88
\c@paragraph=\count89
\c@figure=\count90
\c@table=\count91
\belowcaptionskip=\skip41
\tbbox=\box27
\tabledim=\dimen110
\@narrowfig=\dimen111
\@nfigbox=\box28
\@nfcapbox=\box29
\@abstract=\box30
\@terms=\box31
\@keywords=\box32
\bibindent=\dimen112
LaTeX Info: Redefining \cal on input line 1053.

(/usr/local/texlive/2015/texmf-dist/tex/latex/psnfss/times.sty
Package: times 2005/04/12 PSNFSS-v9.2a (SPQR) 
)
(/usr/local/texlive/2015/texmf-dist/tex/latex/tools/bm.sty
Package: bm 2014/10/28 v1.1c Bold Symbol Support (DPC/FMi)
\symboldoperators=\mathgroup5
\symboldletters=\mathgroup6
\symboldsymbols=\mathgroup7
\symboldlasy=\mathgroup8
LaTeX Font Info:    Redeclaring math alphabet \mathbf on input line 141.
LaTeX Info: Redefining \bm on input line 207.
)
(/usr/local/texlive/2015/texmf-dist/tex/latex/graphics/graphicx.sty
Package: graphicx 2014/10/28 v1.0g Enhanced LaTeX Graphics (DPC,SPQR)

(/usr/local/texlive/2015/texmf-dist/tex/latex/graphics/keyval.sty
Package: keyval 2014/10/28 v1.15 key=value parser (DPC)
\KV@toks@=\toks14
)
(/usr/local/texlive/2015/texmf-dist/tex/latex/graphics/graphics.sty
Package: graphics 2014/10/28 v1.0p Standard LaTeX Graphics (DPC,SPQR)

(/usr/local/texlive/2015/texmf-dist/tex/latex/graphics/trig.sty
Package: trig 1999/03/16 v1.09 sin cos tan (DPC)
)
(/usr/local/texlive/2015/texmf-dist/tex/latex/latexconfig/graphics.cfg
File: graphics.cfg 2010/04/23 v1.9 graphics configuration of TeX Live
)
Package graphics Info: Driver file: pdftex.def on input line 94.

(/usr/local/texlive/2015/texmf-dist/tex/latex/pdftex-def/pdftex.def
File: pdftex.def 2011/05/27 v0.06d Graphics/color for pdfTeX

(/usr/local/texlive/2015/texmf-dist/tex/generic/oberdiek/infwarerr.sty
Package: infwarerr 2010/04/08 v1.3 Providing info/warning/error messages (HO)
)
(/usr/local/texlive/2015/texmf-dist/tex/generic/oberdiek/ltxcmds.sty
Package: ltxcmds 2011/11/09 v1.22 LaTeX kernel commands for general use (HO)
)
\Gread@gobject=\count92
))
\Gin@req@height=\dimen113
\Gin@req@width=\dimen114
))
(/Users/lukefairchild765/GitHub_files/MCR_subsidence/Text/.texpadtmp/Term_Proje
ct.aux)
\openout1 = `Term_Project.aux'.

LaTeX Font Info:    Checking defaults for OML/cmm/m/it on input line 29.
LaTeX Font Info:    ... okay on input line 29.
LaTeX Font Info:    Checking defaults for T1/cmr/m/n on input line 29.
LaTeX Font Info:    ... okay on input line 29.
LaTeX Font Info:    Checking defaults for OT1/cmr/m/n on input line 29.
LaTeX Font Info:    ... okay on input line 29.
LaTeX Font Info:    Checking defaults for OMS/cmsy/m/n on input line 29.
LaTeX Font Info:    ... okay on input line 29.
LaTeX Font Info:    Checking defaults for OMX/cmex/m/n on input line 29.
LaTeX Font Info:    ... okay on input line 29.
LaTeX Font Info:    Checking defaults for U/cmr/m/n on input line 29.
LaTeX Font Info:    ... okay on input line 29.
LaTeX Font Info:    Try loading font information for OT1+ptm on input line 29.
 (/usr/local/texlive/2015/texmf-dist/tex/latex/psnfss/ot1ptm.fd
File: ot1ptm.fd 2001/06/04 font definitions for OT1/ptm.
)
\bibhang=\skip42

(/usr/local/texlive/2015/texmf-dist/tex/context/base/supp-pdf.mkii
[Loading MPS to PDF converter (version 2006.09.02).]
\scratchcounter=\count93
\scratchdimen=\dimen115
\scratchbox=\box33
\nofMPsegments=\count94
\nofMParguments=\count95
\everyMPshowfont=\toks15
\MPscratchCnt=\count96
\MPscratchDim=\dimen116
\MPnumerator=\count97
\makeMPintoPDFobject=\count98
\everyMPtoPDFconversion=\toks16
) (/usr/local/texlive/2015/texmf-dist/tex/generic/oberdiek/pdftexcmds.sty
Package: pdftexcmds 2011/11/29 v0.20 Utility functions of pdfTeX for LuaTeX (HO
)

(/usr/local/texlive/2015/texmf-dist/tex/generic/oberdiek/ifluatex.sty
Package: ifluatex 2010/03/01 v1.3 Provides the ifluatex switch (HO)
Package ifluatex Info: LuaTeX not detected.
)
(/usr/local/texlive/2015/texmf-dist/tex/generic/oberdiek/ifpdf.sty
Package: ifpdf 2011/01/30 v2.3 Provides the ifpdf switch (HO)
Package ifpdf Info: pdfTeX in PDF mode is detected.
)
Package pdftexcmds Info: LuaTeX not detected.
Package pdftexcmds Info: \pdf@primitive is available.
Package pdftexcmds Info: \pdf@ifprimitive is available.
Package pdftexcmds Info: \pdfdraftmode found.
)
(/usr/local/texlive/2015/texmf-dist/tex/latex/oberdiek/epstopdf-base.sty
Package: epstopdf-base 2010/02/09 v2.5 Base part for package epstopdf

(/usr/local/texlive/2015/texmf-dist/tex/latex/oberdiek/grfext.sty
Package: grfext 2010/08/19 v1.1 Manage graphics extensions (HO)

(/usr/local/texlive/2015/texmf-dist/tex/generic/oberdiek/kvdefinekeys.sty
Package: kvdefinekeys 2011/04/07 v1.3 Define keys (HO)
))
(/usr/local/texlive/2015/texmf-dist/tex/latex/oberdiek/kvoptions.sty
Package: kvoptions 2011/06/30 v3.11 Key value format for package options (HO)

(/usr/local/texlive/2015/texmf-dist/tex/generic/oberdiek/kvsetkeys.sty
Package: kvsetkeys 2012/04/25 v1.16 Key value parser (HO)

(/usr/local/texlive/2015/texmf-dist/tex/generic/oberdiek/etexcmds.sty
Package: etexcmds 2011/02/16 v1.5 Avoid name clashes with e-TeX commands (HO)
Package etexcmds Info: Could not find \expanded.
(etexcmds)             That can mean that you are not using pdfTeX 1.50 or
(etexcmds)             that some package has redefined \expanded.
(etexcmds)             In the latter case, load this package earlier.
)))
Package grfext Info: Graphics extension search list:
(grfext)             [.png,.pdf,.jpg,.mps,.jpeg,.jbig2,.jb2,.PNG,.PDF,.JPG,.JPE
G,.JBIG2,.JB2,.eps]
(grfext)             \AppendGraphicsExtensions on input line 452.

(/usr/local/texlive/2015/texmf-dist/tex/latex/latexconfig/epstopdf-sys.cfg
File: epstopdf-sys.cfg 2010/07/13 v1.3 Configuration of (r)epstopdf for TeX Liv
e
))
LaTeX Font Info:    Try loading font information for OT1+phv on input line 57.

(/usr/local/texlive/2015/texmf-dist/tex/latex/psnfss/ot1phv.fd
File: ot1phv.fd 2001/06/04 scalable font definitions for OT1/phv.
)
LaTeX Font Info:    External font `cmex10' loaded for size
(Font)              <17.28> on input line 57.
LaTeX Font Info:    External font `cmex10' loaded for size
(Font)              <12> on input line 57.
LaTeX Font Info:    Try loading font information for U+lasy on input line 57.

(/usr/local/texlive/2015/texmf-dist/tex/latex/base/ulasy.fd
File: ulasy.fd 1998/08/17 v2.2e LaTeX symbol font definitions
)
Underfull \hbox (badness 10000) in paragraph at lines 59--63
[][]\OT1/ptm/m/n/8 Manuel M. Oliveira ac-knowl-edges a CNPq-Brazil fel-low-ship

 []


Underfull \hbox (badness 4108) in paragraph at lines 59--63
\OT1/ptm/m/n/8 Au-thors' ad-dresses: Sean Fog-a-rty, (Cur-rent ad-dress) NASA A
mes
 []

LaTeX Font Info:    External font `cmex10' loaded for size
(Font)              <8> on input line 63.
LaTeX Font Info:    External font `cmex10' loaded for size
(Font)              <6> on input line 63.
LaTeX Font Info:    External font `cmex10' loaded for size
(Font)              <5> on input line 63.
LaTeX Font Info:    Font shape `U/lasy/b/n' in size <8> not available
(Font)              Font shape `U/lasy/m/n' tried instead on input line 63.
LaTeX Font Info:    Font shape `U/lasy/b/n' in size <6> not available
(Font)              Font shape `U/lasy/m/n' tried instead on input line 63.
LaTeX Font Info:    Font shape `U/lasy/b/n' in size <5> not available
(Font)              Font shape `U/lasy/m/n' tried instead on input line 63.
LaTeX Font Info:    Try loading font information for OMS+ptm on input line 63.
(/usr/local/texlive/2015/texmf-dist/tex/latex/psnfss/omsptm.fd
File: omsptm.fd 
)
LaTeX Font Info:    Font shape `OMS/ptm/m/n' in size <8> not available
(Font)              Font shape `OMS/cmsy/m/n' tried instead on input line 63.
LaTeX Font Info:    Font shape `OT1/ptm/bx/n' in size <8> not available
(Font)              Font shape `OT1/ptm/b/n' tried instead on input line 67.
LaTeX Font Info:    Font shape `OT1/ptm/bx/n' in size <9> not available
(Font)              Font shape `OT1/ptm/b/n' tried instead on input line 94.


LaTeX Warning: Citation `BLR-2007' on page 1 undefined on input line 94.


Underfull \vbox (badness 5260) has occurred while \output is active []



LaTeX Warning: Citation `BDDG-03' on page 1 undefined on input line 108.

LaTeX Font Info:    External font `cmex10' loaded for size
(Font)              <9> on input line 154.
LaTeX Font Info:    Font shape `U/lasy/b/n' in size <9> not available
(Font)              Font shape `U/lasy/m/n' tried instead on input line 154.

LaTeX Warning: Citation `CDFKMS-06' on page 1 undefined on input line 167.


LaTeX Warning: Citation `BCHH:Collewijn:1988' on page 1 undefined on input line
 170.


Underfull \vbox (badness 10000) has occurred while \output is active []

 [1{/usr/local/texlive/2015/texmf-var/fonts/map/pdftex/updmap/pdftex.map}
Non-PDF special ignored!


]

LaTeX Warning: Citation `DS-02' on page 2 undefined on input line 219.


LaTeX Warning: Citation `Dod-1900' on page 2 undefined on input line 248.


LaTeX Warning: Citation `DC-1901' on page 2 undefined on input line 275.

LaTeX Font Info:    External font `cmex10' loaded for size
(Font)              <7> on input line 286.
LaTeX Font Info:    Font shape `U/lasy/b/n' in size <7> not available
(Font)              Font shape `U/lasy/m/n' tried instead on input line 286.

Overfull \vbox (0.50241pt too high) has occurred while \output is active []


[2]

LaTeX Warning: Citation `Duc-2002' on page 3 undefined on input line 336.


LaTeX Warning: Citation `GPMBH-2005' on page 3 undefined on input line 374.


Underfull \hbox (badness 2142) in paragraph at lines 387--393
[]\OT1/ptm/m/n/9 Starting from Longtin and Mil-ton's and from Moon and
 []


Overfull \vbox (0.633pt too high) has occurred while \output is active []

 [3]

LaTeX Warning: Citation `google' on page 4 undefined on input line 546.


Overfull \vbox (0.50241pt too high) has occurred while \output is active []


[4]
Overfull \vbox (0.633pt too high) has occurred while \output is active []

 [5]
Underfull \vbox (badness 1389) has occurred while \output is active []


Overfull \vbox (0.50241pt too high) has occurred while \output is active []


[6]
Underfull \vbox (badness 2865) has occurred while \output is active []


Overfull \vbox (0.633pt too high) has occurred while \output is active []

 [7]

LaTeX Warning: Citation `Abril07' on page 8 undefined on input line 1041.


LaTeX Warning: Citation `Cohen07' on page 8 undefined on input line 1042.


LaTeX Warning: Citation `JCohen96' on page 8 undefined on input line 1042.


LaTeX Warning: Citation `Kosiur01' on page 8 undefined on input line 1043.


LaTeX Warning: Citation `Harel79' on page 8 undefined on input line 1044.


LaTeX Warning: Citation `Editor00' on page 8 undefined on input line 1044.


LaTeX Warning: Citation `Editor00a' on page 8 undefined on input line 1046.


LaTeX Warning: Citation `Spector90' on page 8 undefined on input line 1047.


LaTeX Warning: Citation `Douglass98' on page 8 undefined on input line 1048.


LaTeX Warning: Citation `Knuth97' on page 8 undefined on input line 1048.


LaTeX Warning: Citation `Andler79' on page 8 undefined on input line 1050.


LaTeX Warning: Citation `Smith10' on page 8 undefined on input line 1051.


LaTeX Warning: Citation `VanGundy07' on page 8 undefined on input line 1052.


LaTeX Warning: Citation `Harel78' on page 8 undefined on input line 1053.


LaTeX Warning: Citation `Clarkson85' on page 8 undefined on input line 1053.


LaTeX Warning: Citation `anisi03' on page 8 undefined on input line 1054.


LaTeX Warning: Citation `Thornburg01' on page 8 undefined on input line 1054.


LaTeX Warning: Citation `Ablamowicz07' on page 8 undefined on input line 1054.


LaTeX Warning: Citation `Poker06' on page 8 undefined on input line 1055.


LaTeX Warning: Citation `Obama08' on page 8 undefined on input line 1055.


LaTeX Warning: Citation `Novak03' on page 8 undefined on input line 1055.


LaTeX Warning: Citation `Lee05' on page 8 undefined on input line 1056.


LaTeX Warning: Citation `JoeScientist001' on page 8 undefined on input line 105
6.


LaTeX Warning: Citation `rous08' on page 8 undefined on input line 1057.


LaTeX Warning: Citation `SaeediMEJ10' on page 8 undefined on input line 1058.


LaTeX Warning: Citation `SaeediJETC10' on page 8 undefined on input line 1058.


LaTeX Warning: Citation `Kirschmer:2010:AEI:1958016.1958018' on page 8 undefine
d on input line 1059.


LaTeX Warning: Citation `MR781536' on page 8 undefined on input line 1061.


LaTeX Warning: Citation `MR781537' on page 8 undefined on input line 1061.

No file Term_Project.bbl.

Overfull \vbox (0.50241pt too high) has occurred while \output is active []


[8]
(/Users/lukefairchild765/GitHub_files/MCR_subsidence/Text/.texpadtmp/Term_Proje
ct.aux) ) 
Here is how much of TeX's memory you used:
 2141 strings out of 493089
 29826 string characters out of 6134842
 108025 words of memory out of 5000000
 5576 multiletter control sequences out of 15000+600000
 42307 words of font info for 98 fonts, out of 8000000 for 9000
 1141 hyphenation exceptions out of 8191
 37i,9n,23p,256b,235s stack positions out of 5000i,500n,10000p,200000b,80000s
{/usr/local/texlive/2015/texmf-dist/fonts/enc/dvips/base/8r.enc}</usr/
local/texlive/2015/texmf-dist/fonts/type1/public/amsfonts/cm/cmex10.pfb></usr/l
ocal/texlive/2015/texmf-dist/fonts/type1/public/amsfonts/cm/cmmi5.pfb></usr/loc
al/texlive/2015/texmf-dist/fonts/type1/public/amsfonts/cm/cmmi6.pfb></usr/local
/texlive/2015/texmf-dist/fonts/type1/public/amsfonts/cm/cmmi8.pfb></usr/local/t
exlive/2015/texmf-dist/fonts/type1/public/amsfonts/cm/cmmi9.pfb></usr/local/tex
live/2015/texmf-dist/fonts/type1/public/amsfonts/cmextra/cmmib9.pfb></usr/local
/texlive/2015/texmf-dist/fonts/type1/public/amsfonts/cm/cmr6.pfb></usr/local/te
xlive/2015/texmf-dist/fonts/type1/public/amsfonts/cm/cmr8.pfb></usr/local/texli
ve/2015/texmf-dist/fonts/type1/public/amsfonts/cm/cmr9.pfb></usr/local/texlive/
2015/texmf-dist/fonts/type1/public/amsfonts/cm/cmsy10.pfb></usr/local/texlive/2
015/texmf-dist/fonts/type1/public/amsfonts/cm/cmtt8.pfb></usr/local/texlive/201
5/texmf-dist/fonts/type1/urw/helvetic/uhvr8a.pfb></usr/local/texlive/2015/texmf
-dist/fonts/type1/urw/times/utmb8a.pfb></usr/local/texlive/2015/texmf-dist/font
s/type1/urw/times/utmr8a.pfb></usr/local/texlive/2015/texmf-dist/fonts/type1/ur
w/times/utmri8a.pfb>
Output written on /Users/lukefairchild765/GitHub_files/MCR_subsidence/Text/.tex
padtmp/Term_Project.pdf (8 pages, 206175 bytes).
PDF statistics:
 92 PDF objects out of 1000 (max. 8388607)
 66 compressed objects within 1 object stream
 0 named destinations out of 1000 (max. 500000)
 1 words of extra memory for PDF output out of 10000 (max. 10000000)

